<?xml version="1.0" encoding="UTF-8"?>
<!-- Generated by org.testng.reporters.JUnitXMLReporter -->
<testsuite hostname="LAPTOP-C8VOQEGC" failures="2" tests="2" name="Nopackage" time="38.535" errors="0" timestamp="20 Jul 2022 23:26:44 GMT">
  <testcase classname="com.hrms.testscripts.TC001" name="tc001" time="21.567">
    <failure type="org.openqa.selenium.NoSuchFrameException" message="No frame element found by name or id rightMenu
Build info: version: &amp;apos;4.2.2&amp;apos;, revision: &amp;apos;683ccb65d6&amp;apos;
System info: host: &amp;apos;LAPTOP-C8VOQEGC&amp;apos;, ip: &amp;apos;192.168.20.2&amp;apos;, os.name: &amp;apos;Windows 11&amp;apos;, os.arch: &amp;apos;amd64&amp;apos;, os.version: &amp;apos;10.0&amp;apos;, java.version: &amp;apos;11.0.15.1&amp;apos;
Driver info: driver.version: unknown">
      <![CDATA[org.openqa.selenium.NoSuchFrameException: No frame element found by name or id rightMenu
Build info: version: '4.2.2', revision: '683ccb65d6'
System info: host: 'LAPTOP-C8VOQEGC', ip: '192.168.20.2', os.name: 'Windows 11', os.arch: 'amd64', os.version: '10.0', java.version: '11.0.15.1'
Driver info: driver.version: unknown
	at org.openqa.selenium.remote.RemoteWebDriver$RemoteTargetLocator.frame(RemoteWebDriver.java:1078)
	at com.hrms.lib.General.switchFrame(General.java:64)
	at com.hrms.testscripts.TC001.tc001(TC001.java:16)
... Removed 23 stack frames]]>
    </failure>
  </testcase> <!-- tc001 -->
  <testcase classname="com.hrms.testscripts.TC003_DeleteEmployee" name="tc003" time="16.956">
    <failure type="org.openqa.selenium.NoSuchFrameException" message="No frame element found by name or id rightMenu
Build info: version: &amp;apos;4.2.2&amp;apos;, revision: &amp;apos;683ccb65d6&amp;apos;
System info: host: &amp;apos;LAPTOP-C8VOQEGC&amp;apos;, ip: &amp;apos;192.168.20.2&amp;apos;, os.name: &amp;apos;Windows 11&amp;apos;, os.arch: &amp;apos;amd64&amp;apos;, os.version: &amp;apos;10.0&amp;apos;, java.version: &amp;apos;11.0.15.1&amp;apos;
Driver info: driver.version: unknown">
      <![CDATA[org.openqa.selenium.NoSuchFrameException: No frame element found by name or id rightMenu
Build info: version: '4.2.2', revision: '683ccb65d6'
System info: host: 'LAPTOP-C8VOQEGC', ip: '192.168.20.2', os.name: 'Windows 11', os.arch: 'amd64', os.version: '10.0', java.version: '11.0.15.1'
Driver info: driver.version: unknown
	at org.openqa.selenium.remote.RemoteWebDriver$RemoteTargetLocator.frame(RemoteWebDriver.java:1078)
	at com.hrms.lib.General.switchFrame(General.java:64)
	at com.hrms.testscripts.TC003_DeleteEmployee.tc003(TC003_DeleteEmployee.java:15)
... Removed 23 stack frames]]>
    </failure>
  </testcase> <!-- tc003 -->
</testsuite> <!-- Nopackage -->
